# JRE version: Java(TM) SE Runtime Environment (17.0.10+11) (build 17.0.10+11-LTS-240)
# Java VM: Java HotSpot(TM) 64-Bit Server VM (17.0.10+11-LTS-240, mixed mode, sharing, tiered, compressed oops, compressed class ptrs, g1 gc, windows-amd64)
GC Precious Log:
 CPUs: 8 total, 8 available
 Memory: 16183M
 Large Page Support: Disabled
 NUMA Support: Disabled
 Compressed Oops: Enabled (32-bit)
 Heap Region Size: 1M
 Heap Min Capacity: 256M
 Heap Initial Capacity: 256M
 Heap Max Capacity: 512M
 Pre-touch: Disabled
 Parallel Workers: 8
 Concurrent Workers: 2
 Concurrent Refinement Workers: 8
 Periodic GC: Disabled
Heap:
 garbage-first heap   total 262144K, used 189686K [0x00000000e0000000, 0x0000000100000000)
  region size 1024K, 52 young (53248K), 2 survivors (2048K)
 Metaspace       used 82509K, committed 83584K, reserved 458752K
  class space    used 11354K, committed 11840K, reserved 327680K
GC Heap History (20 events):
Event: 4.961 GC heap before
{Heap before GC invocations=5 (full 0):
 garbage-first heap   total 262144K, used 160494K [0x00000000e0000000, 0x0000000100000000)
  region size 1024K, 133 young (136192K), 12 survivors (12288K)
 Metaspace       used 35520K, committed 35968K, reserved 393216K
  class space    used 5065K, committed 5312K, reserved 327680K
}
Event: 4.969 GC heap after
{Heap after GC invocations=6 (full 0):
 garbage-first heap   total 262144K, used 45857K [0x00000000e0000000, 0x0000000100000000)
  region size 1024K, 18 young (18432K), 18 survivors (18432K)
 Metaspace       used 35520K, committed 35968K, reserved 393216K
  class space    used 5065K, committed 5312K, reserved 327680K
}
Event: 6.542 GC heap before
{Heap before GC invocations=7 (full 0):
 garbage-first heap   total 262144K, used 198433K [0x00000000e0000000, 0x0000000100000000)
  region size 1024K, 153 young (156672K), 18 survivors (18432K)
 Metaspace       used 48341K, committed 48960K, reserved 393216K
  class space    used 6897K, committed 7168K, reserved 327680K
}
Event: 6.554 GC heap after
{Heap after GC invocations=8 (full 0):
 garbage-first heap   total 262144K, used 66808K [0x00000000e0000000, 0x0000000100000000)
  region size 1024K, 20 young (20480K), 20 survivors (20480K)
 Metaspace       used 48341K, committed 48960K, reserved 393216K
  class space    used 6897K, committed 7168K, reserved 327680K
}
Event: 7.503 GC heap before
{Heap before GC invocations=9 (full 0):
 garbage-first heap   total 262144K, used 210168K [0x00000000e0000000, 0x0000000100000000)
  region size 1024K, 147 young (150528K), 20 survivors (20480K)
 Metaspace       used 56669K, committed 57408K, reserved 393216K
  class space    used 8229K, committed 8576K, reserved 327680K
}
Event: 7.515 GC heap after
{Heap after GC invocations=10 (full 0):
 garbage-first heap   total 262144K, used 92851K [0x00000000e0000000, 0x0000000100000000)
  region size 1024K, 12 young (12288K), 12 survivors (12288K)
 Metaspace       used 56669K, committed 57408K, reserved 393216K
  class space    used 8229K, committed 8576K, reserved 327680K
}
Event: 8.505 GC heap before
{Heap before GC invocations=10 (full 0):
 garbage-first heap   total 262144K, used 202419K [0x00000000e0000000, 0x0000000100000000)
  region size 1024K, 119 young (121856K), 12 survivors (12288K)
 Metaspace       used 60732K, committed 61504K, reserved 393216K
  class space    used 8665K, committed 9024K, reserved 327680K
}
Event: 8.512 GC heap after
{Heap after GC invocations=11 (full 0):
 garbage-first heap   total 262144K, used 100953K [0x00000000e0000000, 0x0000000100000000)
  region size 1024K, 8 young (8192K), 8 survivors (8192K)
 Metaspace       used 60732K, committed 61504K, reserved 393216K
  class space    used 8665K, committed 9024K, reserved 327680K
}
Event: 9.230 GC heap before
{Heap before GC invocations=11 (full 0):
 garbage-first heap   total 262144K, used 208473K [0x00000000e0000000, 0x0000000100000000)
  region size 1024K, 111 young (113664K), 8 survivors (8192K)
 Metaspace       used 66945K, committed 67776K, reserved 393216K
  class space    used 9426K, committed 9792K, reserved 327680K
}
Event: 9.238 GC heap after
{Heap after GC invocations=12 (full 0):
 garbage-first heap   total 262144K, used 109535K [0x00000000e0000000, 0x0000000100000000)
  region size 1024K, 7 young (7168K), 7 survivors (7168K)
 Metaspace       used 66945K, committed 67776K, reserved 393216K
  class space    used 9426K, committed 9792K, reserved 327680K
}
Event: 196.261 GC heap before
{Heap before GC invocations=12 (full 0):
 garbage-first heap   total 262144K, used 208863K [0x00000000e0000000, 0x0000000100000000)
  region size 1024K, 105 young (107520K), 7 survivors (7168K)
 Metaspace       used 68639K, committed 69504K, reserved 393216K
  class space    used 9611K, committed 9984K, reserved 327680K
}
Event: 196.267 GC heap after
{Heap after GC invocations=13 (full 0):
 garbage-first heap   total 262144K, used 115712K [0x00000000e0000000, 0x0000000100000000)
  region size 1024K, 13 young (13312K), 13 survivors (13312K)
 Metaspace       used 68639K, committed 69504K, reserved 393216K
  class space    used 9611K, committed 9984K, reserved 327680K
}
Event: 200.730 GC heap before
{Heap before GC invocations=13 (full 0):
 garbage-first heap   total 262144K, used 210944K [0x00000000e0000000, 0x0000000100000000)
  region size 1024K, 107 young (109568K), 13 survivors (13312K)
 Metaspace       used 79053K, committed 80064K, reserved 458752K
  class space    used 10956K, committed 11392K, reserved 327680K
}
Event: 200.739 GC heap after
{Heap after GC invocations=14 (full 0):
 garbage-first heap   total 262144K, used 125952K [0x00000000e0000000, 0x0000000100000000)
  region size 1024K, 14 young (14336K), 14 survivors (14336K)
 Metaspace       used 79053K, committed 80064K, reserved 458752K
  class space    used 10956K, committed 11392K, reserved 327680K
}
Event: 200.994 GC heap before
{Heap before GC invocations=14 (full 0):
 garbage-first heap   total 262144K, used 143360K [0x00000000e0000000, 0x0000000100000000)
  region size 1024K, 32 young (32768K), 14 survivors (14336K)
 Metaspace       used 80650K, committed 81600K, reserved 458752K
  class space    used 11150K, committed 11584K, reserved 327680K
}
Event: 201.001 GC heap after
{Heap after GC invocations=15 (full 0):
 garbage-first heap   total 262144K, used 129463K [0x00000000e0000000, 0x0000000100000000)
  region size 1024K, 3 young (3072K), 3 survivors (3072K)
 Metaspace       used 80650K, committed 81600K, reserved 458752K
  class space    used 11150K, committed 11584K, reserved 327680K
}
Event: 208.086 GC heap before
{Heap before GC invocations=16 (full 0):
 garbage-first heap   total 262144K, used 211383K [0x00000000e0000000, 0x0000000100000000)
  region size 1024K, 84 young (86016K), 3 survivors (3072K)
 Metaspace       used 82250K, committed 83328K, reserved 458752K
  class space    used 11340K, committed 11776K, reserved 327680K
}
Event: 208.094 GC heap after
{Heap after GC invocations=17 (full 0):
 garbage-first heap   total 262144K, used 139264K [0x00000000e0000000, 0x0000000100000000)
  region size 1024K, 11 young (11264K), 11 survivors (11264K)
 Metaspace       used 82250K, committed 83328K, reserved 458752K
  class space    used 11340K, committed 11776K, reserved 327680K
}
Event: 208.103 GC heap before
{Heap before GC invocations=17 (full 0):
 garbage-first heap   total 262144K, used 140288K [0x00000000e0000000, 0x0000000100000000)
  region size 1024K, 12 young (12288K), 11 survivors (11264K)
 Metaspace       used 82257K, committed 83328K, reserved 458752K
  class space    used 11340K, committed 11776K, reserved 327680K
}
Event: 208.108 GC heap after
{Heap after GC invocations=18 (full 0):
 garbage-first heap   total 262144K, used 139510K [0x00000000e0000000, 0x0000000100000000)
  region size 1024K, 2 young (2048K), 2 survivors (2048K)
 Metaspace       used 82257K, committed 83328K, reserved 458752K
  class space    used 11340K, committed 11776K, reserved 327680K
}

