# JRE version: Java(TM) SE Runtime Environment (17.0.10+11) (build 17.0.10+11-LTS-240)
# Java VM: Java HotSpot(TM) 64-Bit Server VM (17.0.10+11-LTS-240, mixed mode, sharing, tiered, compressed oops, compressed class ptrs, g1 gc, windows-amd64)
GC Precious Log:
 CPUs: 8 total, 8 available
 Memory: 16183M
 Large Page Support: Disabled
 NUMA Support: Disabled
 Compressed Oops: Enabled (Zero based)
 Heap Region Size: 2M
 Heap Min Capacity: 8M
 Heap Initial Capacity: 254M
 Heap Max Capacity: 4046M
 Pre-touch: Disabled
 Parallel Workers: 8
 Concurrent Workers: 2
 Concurrent Refinement Workers: 8
 Periodic GC: Disabled
Heap:
 garbage-first heap   total 49152K, used 14484K [0x0000000703200000, 0x0000000800000000)
  region size 2048K, 1 young (2048K), 1 survivors (2048K)
 Metaspace       used 29329K, committed 29760K, reserved 1114112K
  class space    used 3705K, committed 3904K, reserved 1048576K
GC Heap History (15 events):
Event: 0.424 GC heap before
{Heap before GC invocations=0 (full 0):
 garbage-first heap   total 260096K, used 22528K [0x0000000703200000, 0x0000000800000000)
  region size 2048K, 11 young (22528K), 0 survivors (0K)
 Metaspace       used 5584K, committed 5760K, reserved 1114112K
  class space    used 654K, committed 768K, reserved 1048576K
}
Event: 0.427 GC heap after
{Heap after GC invocations=1 (full 0):
 garbage-first heap   total 260096K, used 4277K [0x0000000703200000, 0x0000000800000000)
  region size 2048K, 2 young (4096K), 2 survivors (4096K)
 Metaspace       used 5584K, committed 5760K, reserved 1114112K
  class space    used 654K, committed 768K, reserved 1048576K
}
Event: 0.713 GC heap before
{Heap before GC invocations=1 (full 0):
 garbage-first heap   total 260096K, used 28853K [0x0000000703200000, 0x0000000800000000)
  region size 2048K, 15 young (30720K), 2 survivors (4096K)
 Metaspace       used 11181K, committed 11392K, reserved 1114112K
  class space    used 1359K, committed 1472K, reserved 1048576K
}
Event: 0.717 GC heap after
{Heap after GC invocations=2 (full 0):
 garbage-first heap   total 260096K, used 6546K [0x0000000703200000, 0x0000000800000000)
  region size 2048K, 2 young (4096K), 2 survivors (4096K)
 Metaspace       used 11181K, committed 11392K, reserved 1114112K
  class space    used 1359K, committed 1472K, reserved 1048576K
}
Event: 1.574 GC heap before
{Heap before GC invocations=2 (full 0):
 garbage-first heap   total 260096K, used 70034K [0x0000000703200000, 0x0000000800000000)
  region size 2048K, 34 young (69632K), 2 survivors (4096K)
 Metaspace       used 21181K, committed 21504K, reserved 1114112K
  class space    used 2648K, committed 2816K, reserved 1048576K
}
Event: 1.579 GC heap after
{Heap after GC invocations=3 (full 0):
 garbage-first heap   total 260096K, used 10759K [0x0000000703200000, 0x0000000800000000)
  region size 2048K, 4 young (8192K), 4 survivors (8192K)
 Metaspace       used 21181K, committed 21504K, reserved 1114112K
  class space    used 2648K, committed 2816K, reserved 1048576K
}
Event: 2.026 GC heap before
{Heap before GC invocations=4 (full 0):
 garbage-first heap   total 55296K, used 35335K [0x0000000703200000, 0x0000000800000000)
  region size 2048K, 16 young (32768K), 4 survivors (8192K)
 Metaspace       used 25379K, committed 25792K, reserved 1114112K
  class space    used 3193K, committed 3392K, reserved 1048576K
}
Event: 2.030 GC heap after
{Heap after GC invocations=5 (full 0):
 garbage-first heap   total 55296K, used 13007K [0x0000000703200000, 0x0000000800000000)
  region size 2048K, 2 young (4096K), 2 survivors (4096K)
 Metaspace       used 25379K, committed 25792K, reserved 1114112K
  class space    used 3193K, committed 3392K, reserved 1048576K
}
Event: 2.068 GC heap before
{Heap before GC invocations=5 (full 0):
 garbage-first heap   total 55296K, used 15055K [0x0000000703200000, 0x0000000800000000)
  region size 2048K, 3 young (6144K), 2 survivors (4096K)
 Metaspace       used 25643K, committed 26112K, reserved 1114112K
  class space    used 3228K, committed 3456K, reserved 1048576K
}
Event: 2.070 GC heap after
{Heap after GC invocations=6 (full 0):
 garbage-first heap   total 55296K, used 13280K [0x0000000703200000, 0x0000000800000000)
  region size 2048K, 1 young (2048K), 1 survivors (2048K)
 Metaspace       used 25643K, committed 26112K, reserved 1114112K
  class space    used 3228K, committed 3456K, reserved 1048576K
}
Event: 10.965 GC heap before
{Heap before GC invocations=6 (full 0):
 garbage-first heap   total 55296K, used 35808K [0x0000000703200000, 0x0000000800000000)
  region size 2048K, 12 young (24576K), 1 survivors (2048K)
 Metaspace       used 28973K, committed 29440K, reserved 1114112K
  class space    used 3669K, committed 3904K, reserved 1048576K
}
Event: 10.968 GC heap after
{Heap after GC invocations=7 (full 0):
 garbage-first heap   total 55296K, used 14946K [0x0000000703200000, 0x0000000800000000)
  region size 2048K, 2 young (4096K), 2 survivors (4096K)
 Metaspace       used 28973K, committed 29440K, reserved 1114112K
  class space    used 3669K, committed 3904K, reserved 1048576K
}
Event: 11.372 GC heap before
{Heap before GC invocations=7 (full 0):
 garbage-first heap   total 55296K, used 14946K [0x0000000703200000, 0x0000000800000000)
  region size 2048K, 3 young (6144K), 2 survivors (4096K)
 Metaspace       used 29162K, committed 29632K, reserved 1114112K
  class space    used 3700K, committed 3904K, reserved 1048576K
}
Event: 11.390 GC heap after
{Heap after GC invocations=8 (full 1):
 garbage-first heap   total 49152K, used 12989K [0x0000000703200000, 0x0000000800000000)
  region size 2048K, 0 young (0K), 0 survivors (0K)
 Metaspace       used 29162K, committed 29632K, reserved 1114112K
  class space    used 3700K, committed 3904K, reserved 1048576K
}
Event: 11.661 GC heap before
{Heap before GC invocations=8 (full 1):
 garbage-first heap   total 49152K, used 33469K [0x0000000703200000, 0x0000000800000000)
  region size 2048K, 10 young (20480K), 0 survivors (0K)
 Metaspace       used 29329K, committed 29760K, reserved 1114112K
  class space    used 3705K, committed 3904K, reserved 1048576K
}

