# JRE version: Java(TM) SE Runtime Environment (17.0.10+11) (build 17.0.10+11-LTS-240)
# Java VM: Java HotSpot(TM) 64-Bit Server VM (17.0.10+11-LTS-240, mixed mode, sharing, tiered, compressed oops, compressed class ptrs, g1 gc, windows-amd64)
GC Precious Log:
 CPUs: 8 total, 8 available
 Memory: 16183M
 Large Page Support: Disabled
 NUMA Support: Disabled
 Compressed Oops: Enabled (Zero based)
 Heap Region Size: 2M
 Heap Min Capacity: 8M
 Heap Initial Capacity: 254M
 Heap Max Capacity: 4046M
 Pre-touch: Disabled
 Parallel Workers: 8
 Concurrent Workers: 2
 Concurrent Refinement Workers: 8
 Periodic GC: Disabled
Heap:
 garbage-first heap   total 55296K, used 20524K [0x0000000703200000, 0x0000000800000000)
  region size 2048K, 1 young (2048K), 1 survivors (2048K)
 Metaspace       used 46126K, committed 46656K, reserved 1114112K
  class space    used 5769K, committed 6016K, reserved 1048576K
GC Heap History (20 events):
Event: 0.443 GC heap after
{Heap after GC invocations=1 (full 0):
 garbage-first heap   total 260096K, used 4680K [0x0000000703200000, 0x0000000800000000)
  region size 2048K, 2 young (4096K), 2 survivors (4096K)
 Metaspace       used 5453K, committed 5696K, reserved 1114112K
  class space    used 639K, committed 768K, reserved 1048576K
}
Event: 0.756 GC heap before
{Heap before GC invocations=1 (full 0):
 garbage-first heap   total 260096K, used 29256K [0x0000000703200000, 0x0000000800000000)
  region size 2048K, 15 young (30720K), 2 survivors (4096K)
 Metaspace       used 11171K, committed 11392K, reserved 1114112K
  class space    used 1371K, committed 1472K, reserved 1048576K
}
Event: 0.759 GC heap after
{Heap after GC invocations=2 (full 0):
 garbage-first heap   total 260096K, used 6824K [0x0000000703200000, 0x0000000800000000)
  region size 2048K, 2 young (4096K), 2 survivors (4096K)
 Metaspace       used 11171K, committed 11392K, reserved 1114112K
  class space    used 1371K, committed 1472K, reserved 1048576K
}
Event: 1.613 GC heap before
{Heap before GC invocations=2 (full 0):
 garbage-first heap   total 260096K, used 74408K [0x0000000703200000, 0x0000000800000000)
  region size 2048K, 36 young (73728K), 2 survivors (4096K)
 Metaspace       used 21149K, committed 21504K, reserved 1114112K
  class space    used 2643K, committed 2816K, reserved 1048576K
}
Event: 1.617 GC heap after
{Heap after GC invocations=3 (full 0):
 garbage-first heap   total 260096K, used 11201K [0x0000000703200000, 0x0000000800000000)
  region size 2048K, 4 young (8192K), 4 survivors (8192K)
 Metaspace       used 21149K, committed 21504K, reserved 1114112K
  class space    used 2643K, committed 2816K, reserved 1048576K
}
Event: 2.034 GC heap before
{Heap before GC invocations=4 (full 0):
 garbage-first heap   total 55296K, used 35777K [0x0000000703200000, 0x0000000800000000)
  region size 2048K, 16 young (32768K), 4 survivors (8192K)
 Metaspace       used 25284K, committed 25664K, reserved 1114112K
  class space    used 3191K, committed 3392K, reserved 1048576K
}
Event: 2.044 GC heap after
{Heap after GC invocations=5 (full 0):
 garbage-first heap   total 55296K, used 13648K [0x0000000703200000, 0x0000000800000000)
  region size 2048K, 2 young (4096K), 2 survivors (4096K)
 Metaspace       used 25284K, committed 25664K, reserved 1114112K
  class space    used 3191K, committed 3392K, reserved 1048576K
}
Event: 2.074 GC heap before
{Heap before GC invocations=5 (full 0):
 garbage-first heap   total 55296K, used 15696K [0x0000000703200000, 0x0000000800000000)
  region size 2048K, 3 young (6144K), 2 survivors (4096K)
 Metaspace       used 25703K, committed 26112K, reserved 1114112K
  class space    used 3232K, committed 3456K, reserved 1048576K
}
Event: 2.076 GC heap after
{Heap after GC invocations=6 (full 0):
 garbage-first heap   total 55296K, used 14285K [0x0000000703200000, 0x0000000800000000)
  region size 2048K, 1 young (2048K), 1 survivors (2048K)
 Metaspace       used 25703K, committed 26112K, reserved 1114112K
  class space    used 3232K, committed 3456K, reserved 1048576K
}
Event: 2.432 GC heap before
{Heap before GC invocations=6 (full 0):
 garbage-first heap   total 55296K, used 34765K [0x0000000703200000, 0x0000000800000000)
  region size 2048K, 12 young (24576K), 1 survivors (2048K)
 Metaspace       used 31886K, committed 32320K, reserved 1114112K
  class space    used 4008K, committed 4224K, reserved 1048576K
}
Event: 2.434 GC heap after
{Heap after GC invocations=7 (full 0):
 garbage-first heap   total 55296K, used 15860K [0x0000000703200000, 0x0000000800000000)
  region size 2048K, 2 young (4096K), 2 survivors (4096K)
 Metaspace       used 31886K, committed 32320K, reserved 1114112K
  class space    used 4008K, committed 4224K, reserved 1048576K
}
Event: 2.738 GC heap before
{Heap before GC invocations=7 (full 0):
 garbage-first heap   total 55296K, used 38388K [0x0000000703200000, 0x0000000800000000)
  region size 2048K, 13 young (26624K), 2 survivors (4096K)
 Metaspace       used 34613K, committed 35008K, reserved 1114112K
  class space    used 4352K, committed 4544K, reserved 1048576K
}
Event: 2.741 GC heap after
{Heap after GC invocations=8 (full 0):
 garbage-first heap   total 55296K, used 17657K [0x0000000703200000, 0x0000000800000000)
  region size 2048K, 2 young (4096K), 2 survivors (4096K)
 Metaspace       used 34613K, committed 35008K, reserved 1114112K
  class space    used 4352K, committed 4544K, reserved 1048576K
}
Event: 2.855 GC heap before
{Heap before GC invocations=8 (full 0):
 garbage-first heap   total 55296K, used 23801K [0x0000000703200000, 0x0000000800000000)
  region size 2048K, 6 young (12288K), 2 survivors (4096K)
 Metaspace       used 35521K, committed 35968K, reserved 1114112K
  class space    used 4480K, committed 4736K, reserved 1048576K
}
Event: 2.858 GC heap after
{Heap after GC invocations=9 (full 0):
 garbage-first heap   total 55296K, used 18555K [0x0000000703200000, 0x0000000800000000)
  region size 2048K, 2 young (4096K), 2 survivors (4096K)
 Metaspace       used 35521K, committed 35968K, reserved 1114112K
  class space    used 4480K, committed 4736K, reserved 1048576K
}
Event: 21.348 GC heap before
{Heap before GC invocations=10 (full 0):
 garbage-first heap   total 55296K, used 36987K [0x0000000703200000, 0x0000000800000000)
  region size 2048K, 12 young (24576K), 2 survivors (4096K)
 Metaspace       used 40585K, committed 41024K, reserved 1114112K
  class space    used 5043K, committed 5248K, reserved 1048576K
}
Event: 21.353 GC heap after
{Heap after GC invocations=11 (full 0):
 garbage-first heap   total 55296K, used 19833K [0x0000000703200000, 0x0000000800000000)
  region size 2048K, 2 young (4096K), 2 survivors (4096K)
 Metaspace       used 40585K, committed 41024K, reserved 1114112K
  class space    used 5043K, committed 5248K, reserved 1048576K
}
Event: 21.408 GC heap before
{Heap before GC invocations=11 (full 0):
 garbage-first heap   total 55296K, used 19833K [0x0000000703200000, 0x0000000800000000)
  region size 2048K, 3 young (6144K), 2 survivors (4096K)
 Metaspace       used 41243K, committed 41728K, reserved 1114112K
  class space    used 5104K, committed 5312K, reserved 1048576K
}
Event: 21.411 GC heap after
{Heap after GC invocations=12 (full 0):
 garbage-first heap   total 55296K, used 19392K [0x0000000703200000, 0x0000000800000000)
  region size 2048K, 1 young (2048K), 1 survivors (2048K)
 Metaspace       used 41243K, committed 41728K, reserved 1114112K
  class space    used 5104K, committed 5312K, reserved 1048576K
}
Event: 22.006 GC heap before
{Heap before GC invocations=12 (full 0):
 garbage-first heap   total 55296K, used 39872K [0x0000000703200000, 0x0000000800000000)
  region size 2048K, 11 young (22528K), 1 survivors (2048K)
 Metaspace       used 46126K, committed 46656K, reserved 1114112K
  class space    used 5769K, committed 6016K, reserved 1048576K
}

