# JRE version: Java(TM) SE Runtime Environment (17.0.10+11) (build 17.0.10+11-LTS-240)
# Java VM: Java HotSpot(TM) 64-Bit Server VM (17.0.10+11-LTS-240, mixed mode, sharing, tiered, compressed oops, compressed class ptrs, g1 gc, windows-amd64)
GC Precious Log:
 CPUs: 8 total, 8 available
 Memory: 16183M
 Large Page Support: Disabled
 NUMA Support: Disabled
 Compressed Oops: Enabled (Zero based)
 Heap Region Size: 2M
 Heap Min Capacity: 8M
 Heap Initial Capacity: 254M
 Heap Max Capacity: 4046M
 Pre-touch: Disabled
 Parallel Workers: 8
 Concurrent Workers: 2
 Concurrent Refinement Workers: 8
 Periodic GC: Disabled
Heap:
 garbage-first heap   total 157696K, used 32226K [0x0000000703200000, 0x0000000800000000)
  region size 2048K, 11 young (22528K), 2 survivors (4096K)
 Metaspace       used 32096K, committed 32576K, reserved 1114112K
  class space    used 4008K, committed 4224K, reserved 1048576K
GC Heap History (12 events):
Event: 0.723 GC heap before
{Heap before GC invocations=0 (full 0):
 garbage-first heap   total 260096K, used 22528K [0x0000000703200000, 0x0000000800000000)
  region size 2048K, 11 young (22528K), 0 survivors (0K)
 Metaspace       used 5809K, committed 5952K, reserved 1114112K
  class space    used 691K, committed 768K, reserved 1048576K
}
Event: 0.728 GC heap after
{Heap after GC invocations=1 (full 0):
 garbage-first heap   total 260096K, used 5014K [0x0000000703200000, 0x0000000800000000)
  region size 2048K, 2 young (4096K), 2 survivors (4096K)
 Metaspace       used 5809K, committed 5952K, reserved 1114112K
  class space    used 691K, committed 768K, reserved 1048576K
}
Event: 1.193 GC heap before
{Heap before GC invocations=1 (full 0):
 garbage-first heap   total 260096K, used 31638K [0x0000000703200000, 0x0000000800000000)
  region size 2048K, 15 young (30720K), 2 survivors (4096K)
 Metaspace       used 11662K, committed 11904K, reserved 1114112K
  class space    used 1400K, committed 1536K, reserved 1048576K
}
Event: 1.198 GC heap after
{Heap after GC invocations=2 (full 0):
 garbage-first heap   total 260096K, used 7384K [0x0000000703200000, 0x0000000800000000)
  region size 2048K, 2 young (4096K), 2 survivors (4096K)
 Metaspace       used 11662K, committed 11904K, reserved 1114112K
  class space    used 1400K, committed 1536K, reserved 1048576K
}
Event: 2.632 GC heap before
{Heap before GC invocations=2 (full 0):
 garbage-first heap   total 260096K, used 60632K [0x0000000703200000, 0x0000000800000000)
  region size 2048K, 29 young (59392K), 2 survivors (4096K)
 Metaspace       used 21248K, committed 21504K, reserved 1114112K
  class space    used 2561K, committed 2688K, reserved 1048576K
}
Event: 2.640 GC heap after
{Heap after GC invocations=3 (full 0):
 garbage-first heap   total 260096K, used 11787K [0x0000000703200000, 0x0000000800000000)
  region size 2048K, 4 young (8192K), 4 survivors (8192K)
 Metaspace       used 21248K, committed 21504K, reserved 1114112K
  class space    used 2561K, committed 2688K, reserved 1048576K
}
Event: 3.821 GC heap before
{Heap before GC invocations=4 (full 0):
 garbage-first heap   total 55296K, used 36363K [0x0000000703200000, 0x0000000800000000)
  region size 2048K, 16 young (32768K), 4 survivors (8192K)
 Metaspace       used 25308K, committed 25728K, reserved 1114112K
  class space    used 3151K, committed 3328K, reserved 1048576K
}
Event: 3.835 GC heap after
{Heap after GC invocations=5 (full 0):
 garbage-first heap   total 55296K, used 13803K [0x0000000703200000, 0x0000000800000000)
  region size 2048K, 2 young (4096K), 2 survivors (4096K)
 Metaspace       used 25308K, committed 25728K, reserved 1114112K
  class space    used 3151K, committed 3328K, reserved 1048576K
}
Event: 3.905 GC heap before
{Heap before GC invocations=5 (full 0):
 garbage-first heap   total 55296K, used 13803K [0x0000000703200000, 0x0000000800000000)
  region size 2048K, 3 young (6144K), 2 survivors (4096K)
 Metaspace       used 25750K, committed 26112K, reserved 1114112K
  class space    used 3187K, committed 3328K, reserved 1048576K
}
Event: 3.913 GC heap after
{Heap after GC invocations=6 (full 0):
 garbage-first heap   total 55296K, used 14005K [0x0000000703200000, 0x0000000800000000)
  region size 2048K, 1 young (2048K), 1 survivors (2048K)
 Metaspace       used 25750K, committed 26112K, reserved 1114112K
  class space    used 3187K, committed 3328K, reserved 1048576K
}
Event: 4.765 GC heap before
{Heap before GC invocations=6 (full 0):
 garbage-first heap   total 55296K, used 34485K [0x0000000703200000, 0x0000000800000000)
  region size 2048K, 12 young (24576K), 1 survivors (2048K)
 Metaspace       used 29732K, committed 30208K, reserved 1114112K
  class space    used 3702K, committed 3904K, reserved 1048576K
}
Event: 4.769 GC heap after
{Heap after GC invocations=7 (full 0):
 garbage-first heap   total 157696K, used 15842K [0x0000000703200000, 0x0000000800000000)
  region size 2048K, 2 young (4096K), 2 survivors (4096K)
 Metaspace       used 29732K, committed 30208K, reserved 1114112K
  class space    used 3702K, committed 3904K, reserved 1048576K
}

